e:\gameloft\proiect_2015\newtrainingframework_2015\newtrainingframework\debug-nvidia\newtrainingframework.pch
e:\gameloft\proiect_2015\newtrainingframework_2015\newtrainingframework\debug-nvidia\vc141.pdb
e:\gameloft\proiect_2015\newtrainingframework_2015\newtrainingframework\debug-nvidia\vc141.idb
e:\gameloft\proiect_2015\newtrainingframework_2015\newtrainingframework\debug-nvidia\stdafx.obj
e:\gameloft\proiect_2015\newtrainingframework_2015\newtrainingframework\debug-nvidia\camera.obj
e:\gameloft\proiect_2015\newtrainingframework_2015\newtrainingframework\debug-nvidia\shaders.obj
c:\users\daniela eremia\desktop\newtrainingframework_2015\newtrainingframework\debug-nvidia\newtrainingframework.pch
c:\users\daniela eremia\desktop\newtrainingframework_2015\newtrainingframework\debug-nvidia\vc141.pdb
c:\users\daniela eremia\desktop\newtrainingframework_2015\newtrainingframework\debug-nvidia\vc141.idb
c:\users\daniela eremia\desktop\newtrainingframework_2015\newtrainingframework\debug-nvidia\stdafx.obj
c:\users\daniela eremia\desktop\newtrainingframework_2015\newtrainingframework\debug-nvidia\camera.obj
c:\users\daniela eremia\desktop\newtrainingframework_2015\newtrainingframework\debug-nvidia\newtrainingframework.obj
c:\users\daniela eremia\desktop\newtrainingframework_2015\newtrainingframework\debug-nvidia\shaders.obj
e:\gameloft\proiect_2015\newtrainingframework_2015\newtrainingframework\debug-nvidia\scenemanager.obj
e:\gameloft\proiect_2015\newtrainingframework_2015\newtrainingframework\debug-nvidia\newtrainingframework.obj
e:\gameloft\proiect_2015\newtrainingframework_2015\newtrainingframework\debug-nvidia\model.obj
e:\gameloft\proiect_2015\newtrainingframework_2015\newtrainingframework\debug-nvidia\shader.obj
e:\gameloft\proiect_2015\newtrainingframework_2015\newtrainingframework\debug-nvidia\texture.obj
e:\gameloft\proiect_2015\newtrainingframework_2015\newtrainingframework\debug-nvidia\resourcemanager.obj
e:\gameloft\proiect_2015\newtrainingframework_2015\newtrainingframework\debug-nvidia\sceneobject.obj
e:\gameloft\proiect_2015\newtrainingframework_2015\newtrainingframework\debug-nvidia\terrain.obj
e:\gameloft\proiect_2015\newtrainingframework_2015\newtrainingframework\debug-nvidia\skybox.obj
c:\users\daniela eremia\desktop\newtrainingframework_2015\bin-nvidia\newtrainingframework.exe
c:\users\daniela eremia\desktop\newtrainingframework_2015\bin-nvidia\newtrainingframework.ilk
c:\users\daniela eremia\desktop\newtrainingframework_2015\bin-nvidia\newtrainingframework.pdb
e:\gameloft\proiect_2015\newtrainingframework_2015\bin-nvidia\newtrainingframework.exe
e:\gameloft\proiect_2015\newtrainingframework_2015\bin-nvidia\newtrainingframework.ilk
e:\gameloft\proiect_2015\newtrainingframework_2015\bin-nvidia\newtrainingframework.pdb
e:\gameloft\proiect_2015\newtrainingframework_2015\newtrainingframework\debug-nvidia\modelresource.obj
e:\gameloft\proiect_2015\newtrainingframework_2015\newtrainingframework\debug-nvidia\shaderresource.obj
e:\gameloft\proiect_2015\newtrainingframework_2015\newtrainingframework\debug-nvidia\textureresource.obj
e:\gameloft\proiect_2015\newtrainingframework_2015\\bin-nvidia\newtrainingframework.pdb
e:\gameloft\proiect_2015\newtrainingframework_2015\\bin-nvidia\newtrainingframework.exe
e:\gameloft\proiect_2015\newtrainingframework_2015\\bin-nvidia\newtrainingframework.ilk
e:\gameloft\proiect_2015\newtrainingframework_2015\newtrainingframework\debug-nvidia\newtrain.fc024ec8.tlog\cl.command.1.tlog
e:\gameloft\proiect_2015\newtrainingframework_2015\newtrainingframework\debug-nvidia\newtrain.fc024ec8.tlog\cl.read.1.tlog
e:\gameloft\proiect_2015\newtrainingframework_2015\newtrainingframework\debug-nvidia\newtrain.fc024ec8.tlog\cl.write.1.tlog
e:\gameloft\proiect_2015\newtrainingframework_2015\newtrainingframework\debug-nvidia\newtrain.fc024ec8.tlog\link.command.1.tlog
e:\gameloft\proiect_2015\newtrainingframework_2015\newtrainingframework\debug-nvidia\newtrain.fc024ec8.tlog\link.read.1.tlog
e:\gameloft\proiect_2015\newtrainingframework_2015\newtrainingframework\debug-nvidia\newtrain.fc024ec8.tlog\link.write.1.tlog
