e:\gameloft\proiect_2015\newtrainingframework_2015\newtrainingframework\debug-nvidia\newtrainingframework.pch
e:\gameloft\proiect_2015\newtrainingframework_2015\newtrainingframework\debug-nvidia\vc141.pdb
e:\gameloft\proiect_2015\newtrainingframework_2015\newtrainingframework\debug-nvidia\vc141.idb
e:\gameloft\proiect_2015\newtrainingframework_2015\newtrainingframework\debug-nvidia\stdafx.obj
e:\gameloft\proiect_2015\newtrainingframework_2015\newtrainingframework\debug-nvidia\shaders.obj
e:\gameloft\proiect_2015\newtrainingframework_2015\newtrainingframework\debug-nvidia\newtrainingframework.obj
e:\gameloft\proiect_2015\newtrainingframework_2015\newtrainingframework\debug-nvidia\camera.obj
e:\gameloft\proiect_2015\newtrainingframework_2015\bin-nvidia\newtrainingframework.exe
e:\gameloft\proiect_2015\newtrainingframework_2015\bin-nvidia\newtrainingframework.ilk
e:\gameloft\proiect_2015\newtrainingframework_2015\bin-nvidia\newtrainingframework.pdb
e:\gameloft\proiect_2015\newtrainingframework_2015\bin-nvidia\newtrainingframework.ipdb
e:\gameloft\proiect_2015\newtrainingframework_2015\bin-nvidia\newtrainingframework.iobj
e:\gameloft\proiect_2015\newtrainingframework_2015\\bin-nvidia\newtrainingframework.pdb
e:\gameloft\proiect_2015\newtrainingframework_2015\\bin-nvidia\newtrainingframework.exe
e:\gameloft\proiect_2015\newtrainingframework_2015\\bin-nvidia\newtrainingframework.ilk
e:\gameloft\proiect_2015\newtrainingframework_2015\newtrainingframework\debug-nvidia\newtrain.fc024ec8.tlog\cl.command.1.tlog
e:\gameloft\proiect_2015\newtrainingframework_2015\newtrainingframework\debug-nvidia\newtrain.fc024ec8.tlog\cl.read.1.tlog
e:\gameloft\proiect_2015\newtrainingframework_2015\newtrainingframework\debug-nvidia\newtrain.fc024ec8.tlog\cl.write.1.tlog
e:\gameloft\proiect_2015\newtrainingframework_2015\newtrainingframework\debug-nvidia\newtrain.fc024ec8.tlog\link.command.1.tlog
e:\gameloft\proiect_2015\newtrainingframework_2015\newtrainingframework\debug-nvidia\newtrain.fc024ec8.tlog\link.read.1.tlog
e:\gameloft\proiect_2015\newtrainingframework_2015\newtrainingframework\debug-nvidia\newtrain.fc024ec8.tlog\link.write.1.tlog
e:\gameloft\proiect_2015\newtrainingframework_2015\newtrainingframework\debug-nvidia\newtrain.fc024ec8.tlog\newtrainingframework.write.1u.tlog
